<?xml version="1.0" encoding="UTF-8"?>
<coverage generated="1740684282868" clover="3.2.0">
  <project timestamp="1740684282868" name="All files">
    <metrics statements="28" coveredstatements="5" conditionals="5" coveredconditionals="0" methods="7" coveredmethods="1" elements="40" coveredelements="6" complexity="0" loc="28" ncloc="28" packages="1" files="1" classes="1"/>
    <file name="ItemService.ts" path="D:\Projects\stock-js-game-electron\src\backend\services\ItemService.ts">
      <metrics statements="28" coveredstatements="5" conditionals="5" coveredconditionals="0" methods="7" coveredmethods="1"/>
      <line num="3" count="1" type="stmt"/>
      <line num="4" count="0" type="stmt"/>
      <line num="5" count="0" type="cond" truecount="0" falsecount="1"/>
      <line num="6" count="0" type="stmt"/>
      <line num="13" count="0" type="cond" truecount="0" falsecount="1"/>
      <line num="14" count="0" type="stmt"/>
      <line num="21" count="0" type="stmt"/>
      <line num="22" count="0" type="stmt"/>
      <line num="24" count="0" type="stmt"/>
      <line num="25" count="0" type="stmt"/>
      <line num="26" count="0" type="stmt"/>
      <line num="32" count="0" type="stmt"/>
      <line num="42" count="1" type="stmt"/>
      <line num="43" count="0" type="stmt"/>
      <line num="44" count="0" type="cond" truecount="0" falsecount="1"/>
      <line num="45" count="0" type="stmt"/>
      <line num="51" count="0" type="stmt"/>
      <line num="52" count="0" type="stmt"/>
      <line num="53" count="0" type="cond" truecount="0" falsecount="2"/>
      <line num="54" count="0" type="stmt"/>
      <line num="60" count="0" type="stmt"/>
      <line num="61" count="0" type="stmt"/>
      <line num="62" count="0" type="stmt"/>
      <line num="63" count="0" type="stmt"/>
      <line num="68" count="0" type="stmt"/>
      <line num="79" count="1" type="stmt"/>
      <line num="80" count="3" type="stmt"/>
      <line num="83" count="1" type="stmt"/>
    </file>
  </project>
</coverage>
