{"D:\\Projects\\stock-js-game-electron\\src\\backend\\services\\ItemService.ts": {"path":"D:\\Projects\\stock-js-game-electron\\src\\backend\\services\\ItemService.ts","statementMap":{"0":{"start":{"line":3,"column":0},"end":{"line":3,"column":16}},"1":{"start":{"line":42,"column":0},"end":{"line":42,"column":16}},"2":{"start":{"line":79,"column":0},"end":{"line":79,"column":16}},"3":{"start":{"line":4,"column":17},"end":{"line":4,"column":43}},"4":{"start":{"line":5,"column":4},"end":{"line":11,"column":5}},"5":{"start":{"line":6,"column":8},"end":{"line":10,"column":10}},"6":{"start":{"line":13,"column":4},"end":{"line":19,"column":5}},"7":{"start":{"line":14,"column":8},"end":{"line":18,"column":10}},"8":{"start":{"line":21,"column":4},"end":{"line":21,"column":45}},"9":{"start":{"line":22,"column":4},"end":{"line":22,"column":31}},"10":{"start":{"line":24,"column":79},"end":{"line":24,"column":81}},"11":{"start":{"line":25,"column":4},"end":{"line":30,"column":7}},"12":{"start":{"line":26,"column":8},"end":{"line":29,"column":10}},"13":{"start":{"line":32,"column":4},"end":{"line":39,"column":6}},"14":{"start":{"line":43,"column":17},"end":{"line":43,"column":43}},"15":{"start":{"line":44,"column":4},"end":{"line":50,"column":5}},"16":{"start":{"line":45,"column":8},"end":{"line":49,"column":10}},"17":{"start":{"line":51,"column":25},"end":{"line":51,"column":45}},"18":{"start":{"line":52,"column":4},"end":{"line":52,"column":71}},"19":{"start":{"line":52,"column":51},"end":{"line":52,"column":69}},"20":{"start":{"line":53,"column":4},"end":{"line":76,"column":5}},"21":{"start":{"line":54,"column":8},"end":{"line":58,"column":10}},"22":{"start":{"line":60,"column":8},"end":{"line":60,"column":42}},"23":{"start":{"line":61,"column":83},"end":{"line":61,"column":85}},"24":{"start":{"line":62,"column":8},"end":{"line":67,"column":11}},"25":{"start":{"line":63,"column":12},"end":{"line":66,"column":14}},"26":{"start":{"line":68,"column":8},"end":{"line":75,"column":10}},"27":{"start":{"line":80,"column":4},"end":{"line":80,"column":28}},"28":{"start":{"line":83,"column":42},"end":{"line":91,"column":2}}},"fnMap":{"0":{"name":"BuyItem","decl":{"start":{"line":3,"column":16},"end":{"line":3,"column":23}},"loc":{"start":{"line":3,"column":56},"end":{"line":40,"column":1}}},"1":{"name":"(anonymous_1)","decl":{"start":{"line":25,"column":26},"end":{"line":25,"column":27}},"loc":{"start":{"line":25,"column":35},"end":{"line":30,"column":5}}},"2":{"name":"SellItem","decl":{"start":{"line":42,"column":16},"end":{"line":42,"column":24}},"loc":{"start":{"line":42,"column":57},"end":{"line":77,"column":1}}},"3":{"name":"(anonymous_3)","decl":{"start":{"line":52,"column":41},"end":{"line":52,"column":42}},"loc":{"start":{"line":52,"column":51},"end":{"line":52,"column":69}}},"4":{"name":"(anonymous_4)","decl":{"start":{"line":62,"column":30},"end":{"line":62,"column":31}},"loc":{"start":{"line":62,"column":39},"end":{"line":67,"column":9}}},"5":{"name":"GetItem","decl":{"start":{"line":79,"column":16},"end":{"line":79,"column":23}},"loc":{"start":{"line":79,"column":72},"end":{"line":81,"column":1}}},"6":{"name":"(anonymous_6)","decl":{"start":{"line":89,"column":18},"end":{"line":89,"column":21}},"loc":{"start":{"line":89,"column":23},"end":{"line":89,"column":26}}}},"branchMap":{"0":{"loc":{"start":{"line":5,"column":4},"end":{"line":11,"column":5}},"type":"if","locations":[{"start":{"line":5,"column":4},"end":{"line":11,"column":5}}]},"1":{"loc":{"start":{"line":13,"column":4},"end":{"line":19,"column":5}},"type":"if","locations":[{"start":{"line":13,"column":4},"end":{"line":19,"column":5}}]},"2":{"loc":{"start":{"line":44,"column":4},"end":{"line":50,"column":5}},"type":"if","locations":[{"start":{"line":44,"column":4},"end":{"line":50,"column":5}}]},"3":{"loc":{"start":{"line":53,"column":4},"end":{"line":76,"column":5}},"type":"if","locations":[{"start":{"line":53,"column":4},"end":{"line":76,"column":5}},{"start":{"line":59,"column":11},"end":{"line":76,"column":5}}]}},"s":{"0":1,"1":1,"2":1,"3":0,"4":0,"5":0,"6":0,"7":0,"8":0,"9":0,"10":0,"11":0,"12":0,"13":0,"14":0,"15":0,"16":0,"17":0,"18":0,"19":0,"20":0,"21":0,"22":0,"23":0,"24":0,"25":0,"26":0,"27":3,"28":1},"f":{"0":0,"1":0,"2":0,"3":0,"4":0,"5":3,"6":0},"b":{"0":[0],"1":[0],"2":[0],"3":[0,0]}}
}
