TN:
SF:src\backend\services\ItemService.ts
FN:3,BuyItem
FN:25,(anonymous_1)
FN:42,SellItem
FN:52,(anonymous_3)
FN:62,(anonymous_4)
FN:79,GetItem
FN:89,(anonymous_6)
FNF:7
FNH:1
FNDA:0,BuyItem
FNDA:0,(anonymous_1)
FNDA:0,SellItem
FNDA:0,(anonymous_3)
FNDA:0,(anonymous_4)
FNDA:3,GetItem
FNDA:0,(anonymous_6)
DA:3,1
DA:4,0
DA:5,0
DA:6,0
DA:13,0
DA:14,0
DA:21,0
DA:22,0
DA:24,0
DA:25,0
DA:26,0
DA:32,0
DA:42,1
DA:43,0
DA:44,0
DA:45,0
DA:51,0
DA:52,0
DA:53,0
DA:54,0
DA:60,0
DA:61,0
DA:62,0
DA:63,0
DA:68,0
DA:79,1
DA:80,3
DA:83,1
LF:28
LH:5
BRDA:5,0,0,0
BRDA:13,1,0,0
BRDA:44,2,0,0
BRDA:53,3,0,0
BRDA:53,3,1,0
BRF:5
BRH:0
end_of_record
